#
# There is insufficient memory for the Java Runtime Environment to continue.
# Native memory allocation (malloc) failed to allocate 1104176 bytes for Chunk::new
# Possible reasons:
#   The system is out of physical RAM or swap space
#   The process is running with CompressedOops enabled, and the Java Heap may be blocking the growth of the native heap
# Possible solutions:
#   Reduce memory load on the system
#   Increase physical memory or swap space
#   Check if swap backing store is full
#   Decrease Java heap size (-Xmx/-Xms)
#   Decrease number of Java threads
#   Decrease Java thread stack sizes (-Xss)
#   Set larger code cache with -XX:ReservedCodeCacheSize=
#   JVM is running with Unscaled Compressed Oops mode in which the Java heap is
#     placed in the first 4GB address space. The Java Heap base address is the
#     maximum limit for the native heap growth. Please use -XX:HeapBaseMinAddress
#     to set the Java Heap base and to place the Java Heap above 4GB virtual address.
# This output file may be truncated or incomplete.
#
#  Out of Memory Error (arena.cpp:195), pid=15388, tid=8068
#
# JRE version: OpenJDK Runtime Environment (16.0.1+9) (build 16.0.1+9-24)
# Java VM: OpenJDK 64-Bit Server VM (16.0.1+9-24, mixed mode, sharing, tiered, compressed oops, compressed class ptrs, g1 gc, windows-amd64)
# No core dump will be written. Minidumps are not enabled by default on client versions of Windows
#

---------------  S U M M A R Y ------------

Command Line: -javaagent:C:\Program Files\JetBrains\IntelliJ IDEA Community Edition 2021.1.2\lib\idea_rt.jar=51670:C:\Program Files\JetBrains\IntelliJ IDEA Community Edition 2021.1.2\bin -Dfile.encoding=UTF-8 eu.epptec.autostop.AutostopApplication

Host: Intel(R) Core(TM) i5-6200U CPU @ 2.30GHz, 4 cores, 7G,  Windows 10 , 64 bit Build 19041 (10.0.19041.1023)
Time: Wed Jul 28 14:06:22 2021 Central Europe Daylight Time elapsed time: 4.832083 seconds (0d 0h 0m 4s)

---------------  T H R E A D  ---------------

Current thread (0x0000016829ef3ae0):  JavaThread "C2 CompilerThread0" daemon [_thread_in_native, id=8068, stack(0x000000119a500000,0x000000119a600000)]


Current CompileTask:
C2:   4832 1685       4       jdk.internal.org.objectweb.asm.Frame::execute (2305 bytes)

Stack: [0x000000119a500000,0x000000119a600000]
Native frames: (J=compiled Java code, j=interpreted, Vv=VM code, C=native code)
V  [jvm.dll+0x6687ca]
V  [jvm.dll+0x7ca3c9]
V  [jvm.dll+0x7cbb53]
V  [jvm.dll+0x7cc1b3]
V  [jvm.dll+0x242ea5]
V  [jvm.dll+0xadeca]
V  [jvm.dll+0xae5ac]
V  [jvm.dll+0x2a52cf]
V  [jvm.dll+0x574359]
V  [jvm.dll+0x21eb55]
V  [jvm.dll+0x217e51]
V  [jvm.dll+0x21524c]
V  [jvm.dll+0x1a1d9b]
V  [jvm.dll+0x2253a8]
V  [jvm.dll+0x2233ec]
V  [jvm.dll+0x780002]
V  [jvm.dll+0x779b4a]
V  [jvm.dll+0x667666]
C  [ucrtbase.dll+0x21bb2]
C  [KERNEL32.DLL+0x17034]
C  [ntdll.dll+0x52651]


---------------  P R O C E S S  ---------------

Threads class SMR info:
_java_thread_list=0x000001682b6a2980, length=14, elements={
0x000001680c82ac90, 0x0000016829ed62f0, 0x0000016829ed7f00, 0x0000016829eeacc0,
0x0000016829eed7e0, 0x0000016829ef02f0, 0x0000016829ef0cf0, 0x0000016829ef3ae0,
0x0000016829ef55e0, 0x0000016829f28b60, 0x000001682a929810, 0x000001682acf6f30,
0x000001682acfa820, 0x000001682b7231c0
}

Java Threads: ( => current thread )
  0x000001680c82ac90 JavaThread "main" [_thread_in_vm, id=16592, stack(0x0000001199800000,0x0000001199900000)]
  0x0000016829ed62f0 JavaThread "Reference Handler" daemon [_thread_blocked, id=15296, stack(0x0000001199f00000,0x000000119a000000)]
  0x0000016829ed7f00 JavaThread "Finalizer" daemon [_thread_blocked, id=11968, stack(0x000000119a000000,0x000000119a100000)]
  0x0000016829eeacc0 JavaThread "Signal Dispatcher" daemon [_thread_blocked, id=4944, stack(0x000000119a100000,0x000000119a200000)]
  0x0000016829eed7e0 JavaThread "Attach Listener" daemon [_thread_blocked, id=14972, stack(0x000000119a200000,0x000000119a300000)]
  0x0000016829ef02f0 JavaThread "Service Thread" daemon [_thread_blocked, id=17168, stack(0x000000119a300000,0x000000119a400000)]
  0x0000016829ef0cf0 JavaThread "Monitor Deflation Thread" daemon [_thread_blocked, id=15176, stack(0x000000119a400000,0x000000119a500000)]
=>0x0000016829ef3ae0 JavaThread "C2 CompilerThread0" daemon [_thread_in_native, id=8068, stack(0x000000119a500000,0x000000119a600000)]
  0x0000016829ef55e0 JavaThread "C1 CompilerThread0" daemon [_thread_blocked, id=3204, stack(0x000000119a600000,0x000000119a700000)]
  0x0000016829f28b60 JavaThread "Sweeper thread" daemon [_thread_blocked, id=12536, stack(0x000000119a700000,0x000000119a800000)]
  0x000001682a929810 JavaThread "Common-Cleaner" daemon [_thread_blocked, id=13756, stack(0x000000119a800000,0x000000119a900000)]
  0x000001682acf6f30 JavaThread "Monitor Ctrl-Break" daemon [_thread_in_native, id=9144, stack(0x000000119a900000,0x000000119aa00000)]
  0x000001682acfa820 JavaThread "Notification Thread" daemon [_thread_blocked, id=9416, stack(0x000000119aa00000,0x000000119ab00000)]
  0x000001682b7231c0 JavaThread "background-preinit" [_thread_in_vm, id=12640, stack(0x000000119b000000,0x000000119b100000)]

Other Threads:
  0x0000016829ecfaf0 VMThread "VM Thread" [stack: 0x0000001199e00000,0x0000001199f00000] [id=7048]
  0x000001682acf7450 WatcherThread [stack: 0x000000119ab00000,0x000000119ac00000] [id=17068]
  0x000001680c867e50 GCTaskThread "GC Thread#0" [stack: 0x0000001199900000,0x0000001199a00000] [id=15724]
  0x000001682b25d5e0 GCTaskThread "GC Thread#1" [stack: 0x000000119ac00000,0x000000119ad00000] [id=13048]
  0x000001682b25d8f0 GCTaskThread "GC Thread#2" [stack: 0x000000119ad00000,0x000000119ae00000] [id=1120]
  0x000001682b3764c0 GCTaskThread "GC Thread#3" [stack: 0x000000119ae00000,0x000000119af00000] [id=11588]
  0x000001680c878a90 ConcurrentGCThread "G1 Main Marker" [stack: 0x0000001199a00000,0x0000001199b00000] [id=984]
  0x000001680c879500 ConcurrentGCThread "G1 Conc#0" [stack: 0x0000001199b00000,0x0000001199c00000] [id=11292]
  0x000001680c8ef8d0 ConcurrentGCThread "G1 Refine#0" [stack: 0x0000001199c00000,0x0000001199d00000] [id=13108]
  0x000001682b29b030 ConcurrentGCThread "G1 Refine#1" [stack: 0x000000119af00000,0x000000119b000000] [id=13244]
  0x000001680c8f0350 ConcurrentGCThread "G1 Service" [stack: 0x0000001199d00000,0x0000001199e00000] [id=7844]

Threads with active compile tasks:
C2 CompilerThread0     4883 1685       4       jdk.internal.org.objectweb.asm.Frame::execute (2305 bytes)

VM state: not at safepoint (normal execution)

VM Mutex/Monitor currently owned by a thread:  ([mutex/lock_event])
[0x000001680c824b70] MetaspaceExpand_lock - owner thread: 0x000001680c82ac90

Heap address: 0x0000000082000000, size: 2016 MB, Compressed Oops mode: 32-bit

CDS archive(s) mapped at: [0x0000000800000000-0x0000000800bb0000-0x0000000800bb0000), size 12255232, SharedBaseAddress: 0x0000000800000000, ArchiveRelocationMode: 0.
Compressed class space mapped at: 0x0000000800c00000-0x0000000840c00000, reserved size: 1073741824
Narrow klass base: 0x0000000800000000, Narrow klass shift: 3, Narrow klass range: 0x100000000

GC Precious Log:
 CPUs: 4 total, 4 available
 Memory: 8063M
 Large Page Support: Disabled
 NUMA Support: Disabled
 Compressed Oops: Enabled (32-bit)
 Heap Region Size: 1M
 Heap Min Capacity: 8M
 Heap Initial Capacity: 126M
 Heap Max Capacity: 2016M
 Pre-touch: Disabled
 Parallel Workers: 4
 Concurrent Workers: 1
 Concurrent Refinement Workers: 4
 Periodic GC: Disabled

Heap:
 garbage-first heap   total 129024K, used 8660K [0x0000000082000000, 0x0000000100000000)
  region size 1024K, 4 young (4096K), 3 survivors (3072K)
 Metaspace       used 12997K, committed 13184K, reserved 1064960K
  class space    used 1534K, committed 1600K, reserved 1048576K

Heap Regions: E=young(eden), S=young(survivor), O=old, HS=humongous(starts), HC=humongous(continues), CS=collection set, F=free, OA=open archive, CA=closed archive, TAMS=top-at-mark-start (previous, next)
|   0|0x0000000082000000, 0x0000000082100000, 0x0000000082100000|100%|HS|  |TAMS 0x0000000082000000, 0x0000000082000000| Complete 
|   1|0x0000000082100000, 0x0000000082200000, 0x0000000082200000|100%| O|  |TAMS 0x0000000082100000, 0x0000000082100000| Untracked 
|   2|0x0000000082200000, 0x0000000082300000, 0x0000000082300000|100%| O|  |TAMS 0x0000000082200000, 0x0000000082200000| Untracked 
|   3|0x0000000082300000, 0x0000000082400000, 0x0000000082400000|100%| O|  |TAMS 0x0000000082300000, 0x0000000082300000| Untracked 
|   4|0x0000000082400000, 0x0000000082500000, 0x0000000082500000|100%| O|  |TAMS 0x0000000082400000, 0x0000000082400000| Untracked 
|   5|0x0000000082500000, 0x00000000825e3000, 0x0000000082600000| 88%| O|  |TAMS 0x0000000082500000, 0x0000000082500000| Untracked 
|   6|0x0000000082600000, 0x0000000082600000, 0x0000000082700000|  0%| F|  |TAMS 0x0000000082600000, 0x0000000082600000| Untracked 
|   7|0x0000000082700000, 0x0000000082700000, 0x0000000082800000|  0%| F|  |TAMS 0x0000000082700000, 0x0000000082700000| Untracked 
|   8|0x0000000082800000, 0x0000000082800000, 0x0000000082900000|  0%| F|  |TAMS 0x0000000082800000, 0x0000000082800000| Untracked 
|   9|0x0000000082900000, 0x0000000082900000, 0x0000000082a00000|  0%| F|  |TAMS 0x0000000082900000, 0x0000000082900000| Untracked 
|  10|0x0000000082a00000, 0x0000000082a00000, 0x0000000082b00000|  0%| F|  |TAMS 0x0000000082a00000, 0x0000000082a00000| Untracked 
|  11|0x0000000082b00000, 0x0000000082b00000, 0x0000000082c00000|  0%| F|  |TAMS 0x0000000082b00000, 0x0000000082b00000| Untracked 
|  12|0x0000000082c00000, 0x0000000082c00000, 0x0000000082d00000|  0%| F|  |TAMS 0x0000000082c00000, 0x0000000082c00000| Untracked 
|  13|0x0000000082d00000, 0x0000000082d00000, 0x0000000082e00000|  0%| F|  |TAMS 0x0000000082d00000, 0x0000000082d00000| Untracked 
|  14|0x0000000082e00000, 0x0000000082e00000, 0x0000000082f00000|  0%| F|  |TAMS 0x0000000082e00000, 0x0000000082e00000| Untracked 
|  15|0x0000000082f00000, 0x0000000082f00000, 0x0000000083000000|  0%| F|  |TAMS 0x0000000082f00000, 0x0000000082f00000| Untracked 
|  16|0x0000000083000000, 0x0000000083000000, 0x0000000083100000|  0%| F|  |TAMS 0x0000000083000000, 0x0000000083000000| Untracked 
|  17|0x0000000083100000, 0x0000000083100000, 0x0000000083200000|  0%| F|  |TAMS 0x0000000083100000, 0x0000000083100000| Untracked 
|  18|0x0000000083200000, 0x0000000083200000, 0x0000000083300000|  0%| F|  |TAMS 0x0000000083200000, 0x0000000083200000| Untracked 
|  19|0x0000000083300000, 0x0000000083300000, 0x0000000083400000|  0%| F|  |TAMS 0x0000000083300000, 0x0000000083300000| Untracked 
|  20|0x0000000083400000, 0x0000000083400000, 0x0000000083500000|  0%| F|  |TAMS 0x0000000083400000, 0x0000000083400000| Untracked 
|  21|0x0000000083500000, 0x0000000083500000, 0x0000000083600000|  0%| F|  |TAMS 0x0000000083500000, 0x0000000083500000| Untracked 
|  22|0x0000000083600000, 0x0000000083600000, 0x0000000083700000|  0%| F|  |TAMS 0x0000000083600000, 0x0000000083600000| Untracked 
|  23|0x0000000083700000, 0x0000000083700000, 0x0000000083800000|  0%| F|  |TAMS 0x0000000083700000, 0x0000000083700000| Untracked 
|  24|0x0000000083800000, 0x0000000083800000, 0x0000000083900000|  0%| F|  |TAMS 0x0000000083800000, 0x0000000083800000| Untracked 
|  25|0x0000000083900000, 0x0000000083900000, 0x0000000083a00000|  0%| F|  |TAMS 0x0000000083900000, 0x0000000083900000| Untracked 
|  26|0x0000000083a00000, 0x0000000083a00000, 0x0000000083b00000|  0%| F|  |TAMS 0x0000000083a00000, 0x0000000083a00000| Untracked 
|  27|0x0000000083b00000, 0x0000000083b00000, 0x0000000083c00000|  0%| F|  |TAMS 0x0000000083b00000, 0x0000000083b00000| Untracked 
|  28|0x0000000083c00000, 0x0000000083c00000, 0x0000000083d00000|  0%| F|  |TAMS 0x0000000083c00000, 0x0000000083c00000| Untracked 
|  29|0x0000000083d00000, 0x0000000083d00000, 0x0000000083e00000|  0%| F|  |TAMS 0x0000000083d00000, 0x0000000083d00000| Untracked 
|  30|0x0000000083e00000, 0x0000000083e00000, 0x0000000083f00000|  0%| F|  |TAMS 0x0000000083e00000, 0x0000000083e00000| Untracked 
|  31|0x0000000083f00000, 0x0000000083f00000, 0x0000000084000000|  0%| F|  |TAMS 0x0000000083f00000, 0x0000000083f00000| Untracked 
|  32|0x0000000084000000, 0x0000000084000000, 0x0000000084100000|  0%| F|  |TAMS 0x0000000084000000, 0x0000000084000000| Untracked 
|  33|0x0000000084100000, 0x0000000084100000, 0x0000000084200000|  0%| F|  |TAMS 0x0000000084100000, 0x0000000084100000| Untracked 
|  34|0x0000000084200000, 0x0000000084200000, 0x0000000084300000|  0%| F|  |TAMS 0x0000000084200000, 0x0000000084200000| Untracked 
|  35|0x0000000084300000, 0x0000000084300000, 0x0000000084400000|  0%| F|  |TAMS 0x0000000084300000, 0x0000000084300000| Untracked 
|  36|0x0000000084400000, 0x0000000084400000, 0x0000000084500000|  0%| F|  |TAMS 0x0000000084400000, 0x0000000084400000| Untracked 
|  37|0x0000000084500000, 0x0000000084500000, 0x0000000084600000|  0%| F|  |TAMS 0x0000000084500000, 0x0000000084500000| Untracked 
|  38|0x0000000084600000, 0x0000000084600000, 0x0000000084700000|  0%| F|  |TAMS 0x0000000084600000, 0x0000000084600000| Untracked 
|  39|0x0000000084700000, 0x0000000084700000, 0x0000000084800000|  0%| F|  |TAMS 0x0000000084700000, 0x0000000084700000| Untracked 
|  40|0x0000000084800000, 0x0000000084800000, 0x0000000084900000|  0%| F|  |TAMS 0x0000000084800000, 0x0000000084800000| Untracked 
|  41|0x0000000084900000, 0x0000000084900000, 0x0000000084a00000|  0%| F|  |TAMS 0x0000000084900000, 0x0000000084900000| Untracked 
|  42|0x0000000084a00000, 0x0000000084a00000, 0x0000000084b00000|  0%| F|  |TAMS 0x0000000084a00000, 0x0000000084a00000| Untracked 
|  43|0x0000000084b00000, 0x0000000084b00000, 0x0000000084c00000|  0%| F|  |TAMS 0x0000000084b00000, 0x0000000084b00000| Untracked 
|  44|0x0000000084c00000, 0x0000000084c00000, 0x0000000084d00000|  0%| F|  |TAMS 0x0000000084c00000, 0x0000000084c00000| Untracked 
|  45|0x0000000084d00000, 0x0000000084d00000, 0x0000000084e00000|  0%| F|  |TAMS 0x0000000084d00000, 0x0000000084d00000| Untracked 
|  46|0x0000000084e00000, 0x0000000084e00000, 0x0000000084f00000|  0%| F|  |TAMS 0x0000000084e00000, 0x0000000084e00000| Untracked 
|  47|0x0000000084f00000, 0x0000000084f00000, 0x0000000085000000|  0%| F|  |TAMS 0x0000000084f00000, 0x0000000084f00000| Untracked 
|  48|0x0000000085000000, 0x0000000085000000, 0x0000000085100000|  0%| F|  |TAMS 0x0000000085000000, 0x0000000085000000| Untracked 
|  49|0x0000000085100000, 0x0000000085100000, 0x0000000085200000|  0%| F|  |TAMS 0x0000000085100000, 0x0000000085100000| Untracked 
|  50|0x0000000085200000, 0x0000000085200000, 0x0000000085300000|  0%| F|  |TAMS 0x0000000085200000, 0x0000000085200000| Untracked 
|  51|0x0000000085300000, 0x0000000085300000, 0x0000000085400000|  0%| F|  |TAMS 0x0000000085300000, 0x0000000085300000| Untracked 
|  52|0x0000000085400000, 0x0000000085400000, 0x0000000085500000|  0%| F|  |TAMS 0x0000000085400000, 0x0000000085400000| Untracked 
|  53|0x0000000085500000, 0x0000000085500000, 0x0000000085600000|  0%| F|  |TAMS 0x0000000085500000, 0x0000000085500000| Untracked 
|  54|0x0000000085600000, 0x0000000085600000, 0x0000000085700000|  0%| F|  |TAMS 0x0000000085600000, 0x0000000085600000| Untracked 
|  55|0x0000000085700000, 0x0000000085700000, 0x0000000085800000|  0%| F|  |TAMS 0x0000000085700000, 0x0000000085700000| Untracked 
|  56|0x0000000085800000, 0x0000000085800000, 0x0000000085900000|  0%| F|  |TAMS 0x0000000085800000, 0x0000000085800000| Untracked 
|  57|0x0000000085900000, 0x0000000085900000, 0x0000000085a00000|  0%| F|  |TAMS 0x0000000085900000, 0x0000000085900000| Untracked 
|  58|0x0000000085a00000, 0x0000000085a00000, 0x0000000085b00000|  0%| F|  |TAMS 0x0000000085a00000, 0x0000000085a00000| Untracked 
|  59|0x0000000085b00000, 0x0000000085b00000, 0x0000000085c00000|  0%| F|  |TAMS 0x0000000085b00000, 0x0000000085b00000| Untracked 
|  60|0x0000000085c00000, 0x0000000085c00000, 0x0000000085d00000|  0%| F|  |TAMS 0x0000000085c00000, 0x0000000085c00000| Untracked 
|  61|0x0000000085d00000, 0x0000000085d00000, 0x0000000085e00000|  0%| F|  |TAMS 0x0000000085d00000, 0x0000000085d00000| Untracked 
|  62|0x0000000085e00000, 0x0000000085e00000, 0x0000000085f00000|  0%| F|  |TAMS 0x0000000085e00000, 0x0000000085e00000| Untracked 
|  63|0x0000000085f00000, 0x0000000085f00000, 0x0000000086000000|  0%| F|  |TAMS 0x0000000085f00000, 0x0000000085f00000| Untracked 
|  64|0x0000000086000000, 0x0000000086000000, 0x0000000086100000|  0%| F|  |TAMS 0x0000000086000000, 0x0000000086000000| Untracked 
|  65|0x0000000086100000, 0x0000000086100000, 0x0000000086200000|  0%| F|  |TAMS 0x0000000086100000, 0x0000000086100000| Untracked 
|  66|0x0000000086200000, 0x0000000086200000, 0x0000000086300000|  0%| F|  |TAMS 0x0000000086200000, 0x0000000086200000| Untracked 
|  67|0x0000000086300000, 0x0000000086300000, 0x0000000086400000|  0%| F|  |TAMS 0x0000000086300000, 0x0000000086300000| Untracked 
|  68|0x0000000086400000, 0x0000000086400000, 0x0000000086500000|  0%| F|  |TAMS 0x0000000086400000, 0x0000000086400000| Untracked 
|  69|0x0000000086500000, 0x0000000086500000, 0x0000000086600000|  0%| F|  |TAMS 0x0000000086500000, 0x0000000086500000| Untracked 
|  70|0x0000000086600000, 0x0000000086600000, 0x0000000086700000|  0%| F|  |TAMS 0x0000000086600000, 0x0000000086600000| Untracked 
|  71|0x0000000086700000, 0x0000000086700000, 0x0000000086800000|  0%| F|  |TAMS 0x0000000086700000, 0x0000000086700000| Untracked 
|  72|0x0000000086800000, 0x0000000086800000, 0x0000000086900000|  0%| F|  |TAMS 0x0000000086800000, 0x0000000086800000| Untracked 
|  73|0x0000000086900000, 0x0000000086900000, 0x0000000086a00000|  0%| F|  |TAMS 0x0000000086900000, 0x0000000086900000| Untracked 
|  74|0x0000000086a00000, 0x0000000086a00000, 0x0000000086b00000|  0%| F|  |TAMS 0x0000000086a00000, 0x0000000086a00000| Untracked 
|  75|0x0000000086b00000, 0x0000000086b00000, 0x0000000086c00000|  0%| F|  |TAMS 0x0000000086b00000, 0x0000000086b00000| Untracked 
|  76|0x0000000086c00000, 0x0000000086c00000, 0x0000000086d00000|  0%| F|  |TAMS 0x0000000086c00000, 0x0000000086c00000| Untracked 
|  77|0x0000000086d00000, 0x0000000086d00000, 0x0000000086e00000|  0%| F|  |TAMS 0x0000000086d00000, 0x0000000086d00000| Untracked 
|  78|0x0000000086e00000, 0x0000000086e00000, 0x0000000086f00000|  0%| F|  |TAMS 0x0000000086e00000, 0x0000000086e00000| Untracked 
|  79|0x0000000086f00000, 0x0000000086f00000, 0x0000000087000000|  0%| F|  |TAMS 0x0000000086f00000, 0x0000000086f00000| Untracked 
|  80|0x0000000087000000, 0x0000000087000000, 0x0000000087100000|  0%| F|  |TAMS 0x0000000087000000, 0x0000000087000000| Untracked 
|  81|0x0000000087100000, 0x0000000087100000, 0x0000000087200000|  0%| F|  |TAMS 0x0000000087100000, 0x0000000087100000| Untracked 
|  82|0x0000000087200000, 0x0000000087200000, 0x0000000087300000|  0%| F|  |TAMS 0x0000000087200000, 0x0000000087200000| Untracked 
|  83|0x0000000087300000, 0x0000000087300000, 0x0000000087400000|  0%| F|  |TAMS 0x0000000087300000, 0x0000000087300000| Untracked 
|  84|0x0000000087400000, 0x0000000087400000, 0x0000000087500000|  0%| F|  |TAMS 0x0000000087400000, 0x0000000087400000| Untracked 
|  85|0x0000000087500000, 0x0000000087500000, 0x0000000087600000|  0%| F|  |TAMS 0x0000000087500000, 0x0000000087500000| Untracked 
|  86|0x0000000087600000, 0x0000000087600000, 0x0000000087700000|  0%| F|  |TAMS 0x0000000087600000, 0x0000000087600000| Untracked 
|  87|0x0000000087700000, 0x0000000087700000, 0x0000000087800000|  0%| F|  |TAMS 0x0000000087700000, 0x0000000087700000| Untracked 
|  88|0x0000000087800000, 0x0000000087800000, 0x0000000087900000|  0%| F|  |TAMS 0x0000000087800000, 0x0000000087800000| Untracked 
|  89|0x0000000087900000, 0x0000000087900000, 0x0000000087a00000|  0%| F|  |TAMS 0x0000000087900000, 0x0000000087900000| Untracked 
|  90|0x0000000087a00000, 0x0000000087a00000, 0x0000000087b00000|  0%| F|  |TAMS 0x0000000087a00000, 0x0000000087a00000| Untracked 
|  91|0x0000000087b00000, 0x0000000087b00000, 0x0000000087c00000|  0%| F|  |TAMS 0x0000000087b00000, 0x0000000087b00000| Untracked 
|  92|0x0000000087c00000, 0x0000000087c00000, 0x0000000087d00000|  0%| F|  |TAMS 0x0000000087c00000, 0x0000000087c00000| Untracked 
|  93|0x0000000087d00000, 0x0000000087d00000, 0x0000000087e00000|  0%| F|  |TAMS 0x0000000087d00000, 0x0000000087d00000| Untracked 
|  94|0x0000000087e00000, 0x0000000087e00000, 0x0000000087f00000|  0%| F|  |TAMS 0x0000000087e00000, 0x0000000087e00000| Untracked 
|  95|0x0000000087f00000, 0x0000000087f923c0, 0x0000000088000000| 57%| S|CS|TAMS 0x0000000087f00000, 0x0000000087f00000| Complete 
|  96|0x0000000088000000, 0x0000000088100000, 0x0000000088100000|100%| S|CS|TAMS 0x0000000088000000, 0x0000000088000000| Complete 
|  97|0x0000000088100000, 0x0000000088200000, 0x0000000088200000|100%| S|CS|TAMS 0x0000000088100000, 0x0000000088100000| Complete 
|  98|0x0000000088200000, 0x0000000088200000, 0x0000000088300000|  0%| F|  |TAMS 0x0000000088200000, 0x0000000088200000| Untracked 
|  99|0x0000000088300000, 0x0000000088300000, 0x0000000088400000|  0%| F|  |TAMS 0x0000000088300000, 0x0000000088300000| Untracked 
| 100|0x0000000088400000, 0x0000000088400000, 0x0000000088500000|  0%| F|  |TAMS 0x0000000088400000, 0x0000000088400000| Untracked 
| 101|0x0000000088500000, 0x0000000088500000, 0x0000000088600000|  0%| F|  |TAMS 0x0000000088500000, 0x0000000088500000| Untracked 
| 102|0x0000000088600000, 0x0000000088600000, 0x0000000088700000|  0%| F|  |TAMS 0x0000000088600000, 0x0000000088600000| Untracked 
| 103|0x0000000088700000, 0x0000000088700000, 0x0000000088800000|  0%| F|  |TAMS 0x0000000088700000, 0x0000000088700000| Untracked 
| 104|0x0000000088800000, 0x0000000088800000, 0x0000000088900000|  0%| F|  |TAMS 0x0000000088800000, 0x0000000088800000| Untracked 
| 105|0x0000000088900000, 0x0000000088900000, 0x0000000088a00000|  0%| F|  |TAMS 0x0000000088900000, 0x0000000088900000| Untracked 
| 106|0x0000000088a00000, 0x0000000088a00000, 0x0000000088b00000|  0%| F|  |TAMS 0x0000000088a00000, 0x0000000088a00000| Untracked 
| 107|0x0000000088b00000, 0x0000000088b00000, 0x0000000088c00000|  0%| F|  |TAMS 0x0000000088b00000, 0x0000000088b00000| Untracked 
| 108|0x0000000088c00000, 0x0000000088c00000, 0x0000000088d00000|  0%| F|  |TAMS 0x0000000088c00000, 0x0000000088c00000| Untracked 
| 109|0x0000000088d00000, 0x0000000088d00000, 0x0000000088e00000|  0%| F|  |TAMS 0x0000000088d00000, 0x0000000088d00000| Untracked 
| 110|0x0000000088e00000, 0x0000000088e00000, 0x0000000088f00000|  0%| F|  |TAMS 0x0000000088e00000, 0x0000000088e00000| Untracked 
| 111|0x0000000088f00000, 0x0000000088f00000, 0x0000000089000000|  0%| F|  |TAMS 0x0000000088f00000, 0x0000000088f00000| Untracked 
| 112|0x0000000089000000, 0x0000000089000000, 0x0000000089100000|  0%| F|  |TAMS 0x0000000089000000, 0x0000000089000000| Untracked 
| 113|0x0000000089100000, 0x0000000089100000, 0x0000000089200000|  0%| F|  |TAMS 0x0000000089100000, 0x0000000089100000| Untracked 
| 114|0x0000000089200000, 0x0000000089200000, 0x0000000089300000|  0%| F|  |TAMS 0x0000000089200000, 0x0000000089200000| Untracked 
| 115|0x0000000089300000, 0x0000000089300000, 0x0000000089400000|  0%| F|  |TAMS 0x0000000089300000, 0x0000000089300000| Untracked 
| 116|0x0000000089400000, 0x0000000089400000, 0x0000000089500000|  0%| F|  |TAMS 0x0000000089400000, 0x0000000089400000| Untracked 
| 117|0x0000000089500000, 0x0000000089500000, 0x0000000089600000|  0%| F|  |TAMS 0x0000000089500000, 0x0000000089500000| Untracked 
| 118|0x0000000089600000, 0x0000000089600000, 0x0000000089700000|  0%| F|  |TAMS 0x0000000089600000, 0x0000000089600000| Untracked 
| 119|0x0000000089700000, 0x0000000089700000, 0x0000000089800000|  0%| F|  |TAMS 0x0000000089700000, 0x0000000089700000| Untracked 
| 120|0x0000000089800000, 0x0000000089800000, 0x0000000089900000|  0%| F|  |TAMS 0x0000000089800000, 0x0000000089800000| Untracked 
| 121|0x0000000089900000, 0x0000000089900000, 0x0000000089a00000|  0%| F|  |TAMS 0x0000000089900000, 0x0000000089900000| Untracked 
| 122|0x0000000089a00000, 0x0000000089a00000, 0x0000000089b00000|  0%| F|  |TAMS 0x0000000089a00000, 0x0000000089a00000| Untracked 
| 123|0x0000000089b00000, 0x0000000089b00000, 0x0000000089c00000|  0%| F|  |TAMS 0x0000000089b00000, 0x0000000089b00000| Untracked 
| 124|0x0000000089c00000, 0x0000000089c00000, 0x0000000089d00000|  0%| F|  |TAMS 0x0000000089c00000, 0x0000000089c00000| Untracked 
| 125|0x0000000089d00000, 0x0000000089e00000, 0x0000000089e00000|100%| E|  |TAMS 0x0000000089d00000, 0x0000000089d00000| Complete 

Card table byte_map: [0x0000016823380000,0x0000016823770000] _byte_map_base: 0x0000016822f70000

Marking Bits (Prev, Next): (CMBitMap*) 0x000001680c8684c0, (CMBitMap*) 0x000001680c868500
 Prev Bits: [0x0000016823b60000, 0x0000016825ae0000)
 Next Bits: [0x0000016825ae0000, 0x0000016827a60000)

Polling page: 0x000001680a840000

Metaspace:

Usage:
  Non-class:     11.19 MB used.
      Class:      1.50 MB used.
       Both:     12.69 MB used.

Virtual space:
  Non-class space:       16.00 MB reserved,      11.31 MB ( 71%) committed,  2 nodes.
      Class space:        1.00 GB reserved,       1.56 MB ( <1%) committed,  1 nodes.
              Both:        1.02 GB reserved,      12.88 MB (  1%) committed. 

Chunk freelists:
   Non-Class:  3.89 MB
       Class:  2.36 MB
        Both:  6.25 MB

MaxMetaspaceSize: 17179869184.00 GB
CompressedClassSpaceSize: 1.00 GB
 - commit_granule_bytes: 65536.
 - commit_granule_words: 8192.
 - virtual_space_node_default_size: 1048576.
 - enlarge_chunks_in_place: 1.
 - new_chunks_are_fully_committed: 0.
 - uncommit_free_chunks: 1.
 - use_allocation_guard: 0.
 - handle_deallocations: 1.


Internal statistics:

num_allocs_failed_limit: 0.
num_arena_births: 164.
num_arena_deaths: 0.
num_vsnodes_births: 3.
num_vsnodes_deaths: 0.
num_space_committed: 206.
num_space_uncommitted: 0.
num_chunks_returned_to_freelist: 0.
num_chunks_taken_from_freelist: 532.
num_chunk_merges: 0.
num_chunk_splits: 370.
num_chunks_enlarged: 300.
num_purges: 0.

CodeHeap 'non-profiled nmethods': size=120000Kb used=642Kb max_used=642Kb free=119357Kb
 bounds [0x000001681ba60000, 0x000001681bcd0000, 0x0000016822f90000]
CodeHeap 'profiled nmethods': size=120000Kb used=3399Kb max_used=3399Kb free=116600Kb
 bounds [0x0000016814530000, 0x0000016814890000, 0x000001681ba60000]
CodeHeap 'non-nmethods': size=5760Kb used=1199Kb max_used=1242Kb free=4560Kb
 bounds [0x0000016813f90000, 0x0000016814200000, 0x0000016814530000]
 total_blobs=2278 nmethods=1787 adapters=403
 compilation: enabled
              stopped_count=0, restarted_count=0
 full_count=0

Compilation events (20 events):
Event: 4.778 Thread 0x0000016829ef55e0 nmethod 1761 0x0000016814868b10 code [0x0000016814868e60, 0x000001681486a268]
Event: 4.782 Thread 0x0000016829ef55e0 1762       3       java.lang.Character::isJavaIdentifierPart (9 bytes)
Event: 4.782 Thread 0x0000016829ef55e0 nmethod 1762 0x000001681486a990 code [0x000001681486ab40, 0x000001681486ad38]
Event: 4.782 Thread 0x0000016829ef55e0 1763       3       java.lang.CharacterDataLatin1::isJavaIdentifierPart (20 bytes)
Event: 4.783 Thread 0x0000016829ef55e0 nmethod 1763 0x000001681486ae10 code [0x000001681486afc0, 0x000001681486b1d8]
Event: 4.783 Thread 0x0000016829ef55e0 1764       3       java.lang.Character::isJavaIdentifierPart (5 bytes)
Event: 4.783 Thread 0x0000016829ef55e0 nmethod 1764 0x000001681486b310 code [0x000001681486b4c0, 0x000001681486b718]
Event: 4.784 Thread 0x0000016829ef55e0 1765       3       java.lang.reflect.Modifier::isFinal (13 bytes)
Event: 4.785 Thread 0x0000016829ef55e0 nmethod 1765 0x000001681486b810 code [0x000001681486b9a0, 0x000001681486baf8]
Event: 4.799 Thread 0x0000016829ef55e0 1766       3       java.lang.invoke.InnerClassLambdaMetafactory::<init> (249 bytes)
Event: 4.803 Thread 0x0000016829ef55e0 nmethod 1766 0x000001681486bb90 code [0x000001681486c060, 0x000001681486e738]
Event: 4.803 Thread 0x0000016829ef55e0 1767       3       java.lang.invoke.AbstractValidatingLambdaMetafactory::<init> (529 bytes)
Event: 4.811 Thread 0x0000016829ef55e0 nmethod 1767 0x000001681486f490 code [0x000001681486fde0, 0x00000168148758c8]
Event: 4.811 Thread 0x0000016829ef55e0 1768       3       java.lang.invoke.InfoFromMemberName::getModifiers (8 bytes)
Event: 4.812 Thread 0x0000016829ef55e0 nmethod 1768 0x0000016814877510 code [0x00000168148776c0, 0x0000016814877838]
Event: 4.812 Thread 0x0000016829ef55e0 1769       3       java.lang.PublicMethods$Key::hashCode (19 bytes)
Event: 4.813 Thread 0x0000016829ef55e0 nmethod 1769 0x0000016814877910 code [0x0000016814877ac0, 0x0000016814877c58]
Event: 4.827 Thread 0x0000016829ef55e0 1770       3       java.lang.invoke.LambdaMetafactory::metafactory (35 bytes)
Event: 4.828 Thread 0x0000016829ef55e0 nmethod 1770 0x0000016814877d10 code [0x0000016814877ee0, 0x00000168148781a8]
Event: 4.828 Thread 0x0000016829ef55e0 1772   !   3       jdk.internal.reflect.ReflectionFactory::checkInitted (100 bytes)

GC Heap History (4 events):
Event: 2.821 GC heap before
{Heap before GC invocations=0 (full 0):
 garbage-first heap   total 129024K, used 13312K [0x0000000082000000, 0x0000000100000000)
  region size 1024K, 13 young (13312K), 0 survivors (0K)
 Metaspace       used 2913K, committed 3072K, reserved 1056768K
  class space    used 262K, committed 384K, reserved 1048576K
}
Event: 2.847 GC heap after
{Heap after GC invocations=1 (full 0):
 garbage-first heap   total 129024K, used 6097K [0x0000000082000000, 0x0000000100000000)
  region size 1024K, 2 young (2048K), 2 survivors (2048K)
 Metaspace       used 2913K, committed 3072K, reserved 1056768K
  class space    used 262K, committed 384K, reserved 1048576K
}
Event: 3.510 GC heap before
{Heap before GC invocations=1 (full 0):
 garbage-first heap   total 129024K, used 15313K [0x0000000082000000, 0x0000000100000000)
  region size 1024K, 11 young (11264K), 2 survivors (2048K)
 Metaspace       used 5887K, committed 6080K, reserved 1056768K
  class space    used 640K, committed 768K, reserved 1048576K
}
Event: 3.515 GC heap after
{Heap after GC invocations=2 (full 0):
 garbage-first heap   total 129024K, used 7111K [0x0000000082000000, 0x0000000100000000)
  region size 1024K, 2 young (2048K), 2 survivors (2048K)
 Metaspace       used 5887K, committed 6080K, reserved 1056768K
  class space    used 640K, committed 768K, reserved 1048576K
}

Deoptimization events (20 events):
Event: 4.446 Thread 0x000001682b7231c0 Uncommon trap: trap_request=0xffffff45 fr.pc=0x000001681baa9d78 relative=0x0000000000000258
Event: 4.446 Thread 0x000001682b7231c0 Uncommon trap: reason=unstable_if action=reinterpret pc=0x000001681baa9d78 method=java.util.concurrent.ConcurrentHashMap.get(Ljava/lang/Object;)Ljava/lang/Object; @ 86 c2
Event: 4.446 Thread 0x000001682b7231c0 DEOPT PACKING pc=0x000001681baa9d78 sp=0x000000119b0fe990
Event: 4.446 Thread 0x000001682b7231c0 DEOPT UNPACKING pc=0x0000016813fdd72e sp=0x000000119b0fe908 mode 2
Event: 4.513 Thread 0x000001680c82ac90 Uncommon trap: trap_request=0xffffff45 fr.pc=0x000001681bacbcf8 relative=0x00000000000018f8
Event: 4.513 Thread 0x000001680c82ac90 Uncommon trap: reason=unstable_if action=reinterpret pc=0x000001681bacbcf8 method=java.io.WinNTFileSystem.normalize(Ljava/lang/String;II)Ljava/lang/String; @ 87 c2
Event: 4.514 Thread 0x000001680c82ac90 DEOPT PACKING pc=0x000001681bacbcf8 sp=0x00000011998fe6c0
Event: 4.514 Thread 0x000001680c82ac90 DEOPT UNPACKING pc=0x0000016813fdd72e sp=0x00000011998fe5f8 mode 2
Event: 4.531 Thread 0x000001680c82ac90 Uncommon trap: trap_request=0xffffff45 fr.pc=0x000001681baaac9c relative=0x000000000000045c
Event: 4.531 Thread 0x000001680c82ac90 Uncommon trap: reason=unstable_if action=reinterpret pc=0x000001681baaac9c method=java.util.HashMap.hash(Ljava/lang/Object;)I @ 1 c2
Event: 4.531 Thread 0x000001680c82ac90 DEOPT PACKING pc=0x000001681baaac9c sp=0x00000011998fe4b0
Event: 4.531 Thread 0x000001680c82ac90 DEOPT UNPACKING pc=0x0000016813fdd72e sp=0x00000011998fe338 mode 2
Event: 4.607 Thread 0x000001680c82ac90 Uncommon trap: trap_request=0xffffff45 fr.pc=0x000001681badaa94 relative=0x00000000000002f4
Event: 4.607 Thread 0x000001680c82ac90 Uncommon trap: reason=unstable_if action=reinterpret pc=0x000001681badaa94 method=jdk.internal.org.objectweb.asm.SymbolTable.put(Ljdk/internal/org/objectweb/asm/SymbolTable$Entry;)Ljdk/internal/org/objectweb/asm/SymbolTable$Entry; @ 13 c2
Event: 4.607 Thread 0x000001680c82ac90 DEOPT PACKING pc=0x000001681badaa94 sp=0x00000011998fd1d0
Event: 4.607 Thread 0x000001680c82ac90 DEOPT UNPACKING pc=0x0000016813fdd72e sp=0x00000011998fd150 mode 2
Event: 4.730 Thread 0x000001680c82ac90 Uncommon trap: trap_request=0xffffff45 fr.pc=0x000001681babeefc relative=0x0000000000000f5c
Event: 4.730 Thread 0x000001680c82ac90 Uncommon trap: reason=unstable_if action=reinterpret pc=0x000001681babeefc method=java.util.concurrent.ConcurrentHashMap.putVal(Ljava/lang/Object;Ljava/lang/Object;Z)Ljava/lang/Object; @ 231 c2
Event: 4.730 Thread 0x000001680c82ac90 DEOPT PACKING pc=0x000001681babeefc sp=0x00000011998fe830
Event: 4.730 Thread 0x000001680c82ac90 DEOPT UNPACKING pc=0x0000016813fdd72e sp=0x00000011998fe7a0 mode 2

Classes unloaded (0 events):
No events

Classes redefined (0 events):
No events

Internal exceptions (20 events):
Event: 3.708 Thread 0x000001680c82ac90 Exception <a 'java/lang/NoSuchMethodError'{0x0000000089b93cc0}: 'java.lang.Object java.lang.invoke.DirectMethodHandle$Holder.invokeSpecial(java.lang.Object, java.lang.Object, java.lang.Object, java.lang.Object, java.lang.Object, java.lang.Object, java.lang.Object, int)'> (0x0000000089b93cc0) 
thrown [t:\workspace\open\src\hotspot\share\interpreter\linkResolver.cpp, line 790]
Event: 3.783 Thread 0x000001680c82ac90 Exception <a 'java/lang/NoSuchMethodError'{0x0000000089aac620}: 'int java.lang.invoke.DirectMethodHandle$Holder.invokeInterface(java.lang.Object, java.lang.Object)'> (0x0000000089aac620) 
thrown [t:\workspace\open\src\hotspot\share\interpreter\linkResolver.cpp, line 790]
Event: 3.851 Thread 0x000001680c82ac90 Exception <a 'java/lang/NoSuchMethodError'{0x00000000899b2d30}: 'java.lang.Object java.lang.invoke.DirectMethodHandle$Holder.invokeSpecial(java.lang.Object, java.lang.Object, java.lang.Object, int, java.lang.Object)'> (0x00000000899b2d30) 
thrown [t:\workspace\open\src\hotspot\share\interpreter\linkResolver.cpp, line 790]
Event: 3.852 Thread 0x000001680c82ac90 Exception <a 'java/lang/NoSuchMethodError'{0x00000000899bba68}: 'java.lang.Object java.lang.invoke.DirectMethodHandle$Holder.newInvokeSpecial(java.lang.Object, java.lang.Object, java.lang.Object, int, java.lang.Object)'> (0x00000000899bba68) 
thrown [t:\workspace\open\src\hotspot\share\interpreter\linkResolver.cpp, line 790]
Event: 3.854 Thread 0x000001680c82ac90 Exception <a 'java/lang/NoSuchMethodError'{0x00000000899c3750}: 'java.lang.Object java.lang.invoke.Invokers$Holder.linkToTargetMethod(java.lang.Object, java.lang.Object, int, java.lang.Object, java.lang.Object)'> (0x00000000899c3750) 
thrown [t:\workspace\open\src\hotspot\share\interpreter\linkResolver.cpp, line 790]
Event: 3.857 Thread 0x000001680c82ac90 Exception <a 'java/lang/NoSuchMethodError'{0x00000000899d3640}: 'java.lang.Object java.lang.invoke.DirectMethodHandle$Holder.newInvokeSpecial(java.lang.Object, int, java.lang.Object)'> (0x00000000899d3640) 
thrown [t:\workspace\open\src\hotspot\share\interpreter\linkResolver.cpp, line 790]
Event: 3.858 Thread 0x000001680c82ac90 Exception <a 'java/lang/NoSuchMethodError'{0x00000000899d8440}: 'int java.lang.invoke.DirectMethodHandle$Holder.invokeSpecialIFC(java.lang.Object, java.lang.Object, java.lang.Object, java.lang.Object)'> (0x00000000899d8440) 
thrown [t:\workspace\open\src\hotspot\share\interpreter\linkResolver.cpp, line 790]
Event: 3.885 Thread 0x000001680c82ac90 Exception <a 'java/lang/NoSuchMethodError'{0x0000000089885850}: 'java.lang.Object java.lang.invoke.DirectMethodHandle$Holder.invokeInterface(java.lang.Object, java.lang.Object)'> (0x0000000089885850) 
thrown [t:\workspace\open\src\hotspot\share\interpreter\linkResolver.cpp, line 790]
Event: 3.895 Thread 0x000001680c82ac90 Exception <a 'java/lang/NoSuchMethodError'{0x0000000089896300}: 'void java.lang.invoke.DirectMethodHandle$Holder.invokeInterface(java.lang.Object, java.lang.Object, java.lang.Object)'> (0x0000000089896300) 
thrown [t:\workspace\open\src\hotspot\share\interpreter\linkResolver.cpp, line 790]
Event: 3.926 Thread 0x000001680c82ac90 Exception <a 'java/lang/NoSuchMethodError'{0x000000008971db40}: 'void java.lang.invoke.DirectMethodHandle$Holder.invokeStaticInit(java.lang.Object, java.lang.Object)'> (0x000000008971db40) 
thrown [t:\workspace\open\src\hotspot\share\interpreter\linkResolver.cpp, line 790]
Event: 3.930 Thread 0x000001680c82ac90 Exception <a 'java/lang/NoSuchMethodError'{0x000000008972a9b0}: 'void java.lang.invoke.DirectMethodHandle$Holder.invokeStaticInit(java.lang.Object, java.lang.Object, java.lang.Object)'> (0x000000008972a9b0) 
thrown [t:\workspace\open\src\hotspot\share\interpreter\linkResolver.cpp, line 790]
Event: 3.946 Thread 0x000001680c82ac90 Exception <a 'java/lang/NoSuchMethodError'{0x000000008974c9e0}: 'java.lang.Object java.lang.invoke.DirectMethodHandle$Holder.invokeStaticInit(java.lang.Object, java.lang.Object, java.lang.Object)'> (0x000000008974c9e0) 
thrown [t:\workspace\open\src\hotspot\share\interpreter\linkResolver.cpp, line 790]
Event: 4.014 Thread 0x000001680c82ac90 Exception <a 'java/lang/NoSuchMethodError'{0x00000000897e8fa8}: 'void java.lang.invoke.DirectMethodHandle$Holder.invokeVirtual(java.lang.Object, java.lang.Object, java.lang.Object, java.lang.Object)'> (0x00000000897e8fa8) 
thrown [t:\workspace\open\src\hotspot\share\interpreter\linkResolver.cpp, line 790]
Event: 4.102 Thread 0x000001680c82ac90 Exception <a 'java/lang/NoSuchMethodError'{0x0000000089533ff0}: 'void java.lang.invoke.DirectMethodHandle$Holder.invokeSpecial(java.lang.Object, java.lang.Object, java.lang.Object, java.lang.Object, java.lang.Object)'> (0x0000000089533ff0) 
thrown [t:\workspace\open\src\hotspot\share\interpreter\linkResolver.cpp, line 790]
Event: 4.327 Thread 0x000001682b7231c0 Exception <a 'java/lang/NoClassDefFoundError'{0x0000000089116828}: javax/validation/Validation> (0x0000000089116828) 
thrown [t:\workspace\open\src\hotspot\share\classfile\systemDictionary.cpp, line 245]
Event: 4.443 Thread 0x000001682b7231c0 Exception <a 'java/lang/NoSuchMethodError'{0x0000000088fdaab0}: 'java.lang.Object java.lang.invoke.DirectMethodHandle$Holder.invokeStaticInit(java.lang.Object, java.lang.Object, java.lang.Object, java.lang.Object, java.lang.Object)'> (0x0000000088fdaab0) 
thrown [t:\workspace\open\src\hotspot\share\interpreter\linkResolver.cpp, line 790]
Event: 4.528 Thread 0x000001680c82ac90 Exception <a 'java/lang/NoSuchMethodError'{0x0000000088d77ca0}: 'org.slf4j.impl.StaticMDCBinder org.slf4j.impl.StaticMDCBinder.getSingleton()'> (0x0000000088d77ca0) 
thrown [t:\workspace\open\src\hotspot\share\interpreter\linkResolver.cpp, line 790]
Event: 4.531 Thread 0x000001680c82ac90 Implicit null exception at 0x000001681baaa88f to 0x000001681baaac7c
Event: 4.817 Thread 0x000001680c82ac90 Exception <a 'java/lang/ClassNotFoundException'{0x00000000883b87e8}: java/lang/ObjectCustomizer> (0x00000000883b87e8) 
thrown [t:\workspace\open\src\hotspot\share\classfile\systemDictionary.cpp, line 256]
Event: 4.827 Thread 0x000001680c82ac90 Exception <a 'java/lang/IncompatibleClassChangeError'{0x00000000883bd618}: Found class java.lang.Object, but interface was expected> (0x00000000883bd618) 
thrown [t:\workspace\open\src\hotspot\share\interpreter\linkResolver.cpp, line 857]

Events (20 events):
Event: 4.820 loading class com/sun/beans/util/Cache$Kind$Soft
Event: 4.820 loading class com/sun/beans/util/Cache$Ref
Event: 4.820 loading class com/sun/beans/util/Cache$Ref done
Event: 4.820 loading class com/sun/beans/util/Cache$Kind$Soft done
Event: 4.821 loading class com/sun/beans/introspect/MethodInfo
Event: 4.821 loading class com/sun/beans/introspect/MethodInfo done
Event: 4.821 loading class com/sun/beans/introspect/MethodInfo$MethodOrder
Event: 4.821 loading class com/sun/beans/introspect/MethodInfo$MethodOrder done
Event: 4.822 loading class java/beans/MethodDescriptor
Event: 4.825 loading class java/beans/MethodDescriptor done
Event: 4.826 loading class java/beans/MethodRef
Event: 4.826 loading class java/beans/MethodRef done
Event: 4.826 loading class com/sun/beans/TypeResolver
Event: 4.826 loading class com/sun/beans/TypeResolver done
Event: 4.826 loading class com/sun/beans/WeakCache
Event: 4.826 loading class com/sun/beans/WeakCache done
Event: 4.826 loading class sun/reflect/generics/scope/MethodScope
Event: 4.827 loading class sun/reflect/generics/scope/MethodScope done
Event: 4.827 loading class sun/reflect/generics/repository/MethodRepository
Event: 4.827 loading class sun/reflect/generics/repository/MethodRepository done


Dynamic libraries:
0x00007ff633910000 - 0x00007ff63391e000 	C:\Program Files\Java\jdk16.0.1\bin\java.exe
0x00007ff8f3210000 - 0x00007ff8f3405000 	C:\WINDOWS\SYSTEM32\ntdll.dll
0x00007ff8f1a00000 - 0x00007ff8f1abd000 	C:\WINDOWS\System32\KERNEL32.DLL
0x00007ff8f0a40000 - 0x00007ff8f0d09000 	C:\WINDOWS\System32\KERNELBASE.dll
0x00007ff8f0f70000 - 0x00007ff8f1070000 	C:\WINDOWS\System32\ucrtbase.dll
0x00007ff8de2c0000 - 0x00007ff8de2d8000 	C:\Program Files\Java\jdk16.0.1\bin\jli.dll
0x00007ff8de2a0000 - 0x00007ff8de2b9000 	C:\Program Files\Java\jdk16.0.1\bin\VCRUNTIME140.dll
0x00007ff8f2190000 - 0x00007ff8f2330000 	C:\WINDOWS\System32\USER32.dll
0x00007ff8f0f40000 - 0x00007ff8f0f62000 	C:\WINDOWS\System32\win32u.dll
0x00007ff8f1810000 - 0x00007ff8f183a000 	C:\WINDOWS\System32\GDI32.dll
0x00007ff8f0d60000 - 0x00007ff8f0e6b000 	C:\WINDOWS\System32\gdi32full.dll
0x00007ff8f0e70000 - 0x00007ff8f0f0d000 	C:\WINDOWS\System32\msvcp_win.dll
0x00007ff8decd0000 - 0x00007ff8def6a000 	C:\WINDOWS\WinSxS\amd64_microsoft.windows.common-controls_6595b64144ccf1df_6.0.19041.1110_none_60b5254171f9507e\COMCTL32.dll
0x00007ff8f2940000 - 0x00007ff8f29de000 	C:\WINDOWS\System32\msvcrt.dll
0x00007ff8f1c10000 - 0x00007ff8f1c40000 	C:\WINDOWS\System32\IMM32.DLL
0x00007ff8de290000 - 0x00007ff8de29c000 	C:\Program Files\Java\jdk16.0.1\bin\vcruntime140_1.dll
0x00007ff8c7e10000 - 0x00007ff8c7ea1000 	C:\Program Files\Java\jdk16.0.1\bin\msvcp140.dll
0x00007ff8b9e00000 - 0x00007ff8ba9ab000 	C:\Program Files\Java\jdk16.0.1\bin\server\jvm.dll
0x00007ff8f29e0000 - 0x00007ff8f2a8c000 	C:\WINDOWS\System32\ADVAPI32.dll
0x00007ff8f18f0000 - 0x00007ff8f198b000 	C:\WINDOWS\System32\sechost.dll
0x00007ff8f2330000 - 0x00007ff8f245a000 	C:\WINDOWS\System32\RPCRT4.dll
0x00007ff8f19f0000 - 0x00007ff8f19f8000 	C:\WINDOWS\System32\PSAPI.DLL
0x00007ff8def80000 - 0x00007ff8def89000 	C:\WINDOWS\SYSTEM32\WSOCK32.dll
0x00007ff8f2460000 - 0x00007ff8f24cb000 	C:\WINDOWS\System32\WS2_32.dll
0x00007ff8dd1c0000 - 0x00007ff8dd1e7000 	C:\WINDOWS\SYSTEM32\WINMM.dll
0x00007ff8e7130000 - 0x00007ff8e713a000 	C:\WINDOWS\SYSTEM32\VERSION.dll
0x00007ff8ee750000 - 0x00007ff8ee762000 	C:\WINDOWS\SYSTEM32\kernel.appcore.dll
0x00007ff8ddd80000 - 0x00007ff8ddd8a000 	C:\Program Files\Java\jdk16.0.1\bin\jimage.dll
0x00007ff8db4a0000 - 0x00007ff8db684000 	C:\WINDOWS\SYSTEM32\DBGHELP.DLL
0x00007ff8db390000 - 0x00007ff8db3bc000 	C:\WINDOWS\SYSTEM32\dbgcore.DLL
0x00007ff8f0950000 - 0x00007ff8f09d3000 	C:\WINDOWS\System32\bcryptPrimitives.dll
0x00007ff8dba60000 - 0x00007ff8dba6e000 	C:\Program Files\Java\jdk16.0.1\bin\instrument.dll
0x00007ff8ddd50000 - 0x00007ff8ddd75000 	C:\Program Files\Java\jdk16.0.1\bin\java.dll
0x00007ff8f2a90000 - 0x00007ff8f31cf000 	C:\WINDOWS\System32\SHELL32.dll
0x00007ff8ee950000 - 0x00007ff8ef0e1000 	C:\WINDOWS\SYSTEM32\windows.storage.dll
0x00007ff8f1280000 - 0x00007ff8f15d5000 	C:\WINDOWS\System32\combase.dll
0x00007ff8f03c0000 - 0x00007ff8f03ec000 	C:\WINDOWS\SYSTEM32\Wldp.dll
0x00007ff8f20e0000 - 0x00007ff8f218e000 	C:\WINDOWS\System32\SHCORE.dll
0x00007ff8f1ca0000 - 0x00007ff8f1cf5000 	C:\WINDOWS\System32\shlwapi.dll
0x00007ff8f0890000 - 0x00007ff8f08af000 	C:\WINDOWS\SYSTEM32\profapi.dll
0x00007ff8dd8d0000 - 0x00007ff8dd8e8000 	C:\Program Files\Java\jdk16.0.1\bin\zip.dll
0x00007ff8dd910000 - 0x00007ff8dd929000 	C:\Program Files\Java\jdk16.0.1\bin\net.dll
0x00007ff8ef9d0000 - 0x00007ff8efada000 	C:\WINDOWS\SYSTEM32\WINHTTP.dll
0x00007ff8f0120000 - 0x00007ff8f018a000 	C:\WINDOWS\system32\mswsock.dll
0x00007ff8dd8f0000 - 0x00007ff8dd903000 	C:\Program Files\Java\jdk16.0.1\bin\nio.dll
0x00007ff8d91e0000 - 0x00007ff8d91fa000 	C:\Program Files\JetBrains\IntelliJ IDEA Community Edition 2021.1.2\bin\breakgen64.dll
0x00007ff8db6e0000 - 0x00007ff8db6f0000 	C:\Program Files\Java\jdk16.0.1\bin\verify.dll
0x00007ff8db080000 - 0x00007ff8db089000 	C:\Program Files\Java\jdk16.0.1\bin\management.dll
0x00007ff8da850000 - 0x00007ff8da85b000 	C:\Program Files\Java\jdk16.0.1\bin\management_ext.dll
0x00007ff8c8b40000 - 0x00007ff8c8b57000 	C:\WINDOWS\system32\napinsp.dll
0x00007ff8bdf40000 - 0x00007ff8bdf5b000 	C:\WINDOWS\system32\pnrpnsp.dll
0x00007ff8eb680000 - 0x00007ff8eb695000 	C:\WINDOWS\system32\wshbth.dll
0x00007ff8ebc80000 - 0x00007ff8ebc9d000 	C:\WINDOWS\system32\NLAapi.dll
0x00007ff8efdc0000 - 0x00007ff8efdfb000 	C:\WINDOWS\SYSTEM32\IPHLPAPI.DLL
0x00007ff8efe10000 - 0x00007ff8efedc000 	C:\WINDOWS\SYSTEM32\DNSAPI.dll
0x00007ff8f1800000 - 0x00007ff8f1808000 	C:\WINDOWS\System32\NSI.dll
0x00007ff8bdf20000 - 0x00007ff8bdf32000 	C:\WINDOWS\System32\winrnr.dll
0x00007ff8df760000 - 0x00007ff8df76a000 	C:\Windows\System32\rasadhlp.dll
0x00007ff8df780000 - 0x00007ff8df7ff000 	C:\WINDOWS\System32\fwpuclnt.dll
0x00007ff8f0f10000 - 0x00007ff8f0f37000 	C:\WINDOWS\System32\bcrypt.dll

dbghelp: loaded successfully - version: 4.0.5 - missing functions: none
symbol engine: initialized successfully - sym options: 0x614 - pdb path: .;C:\Program Files\Java\jdk16.0.1\bin;C:\WINDOWS\SYSTEM32;C:\WINDOWS\WinSxS\amd64_microsoft.windows.common-controls_6595b64144ccf1df_6.0.19041.1110_none_60b5254171f9507e;C:\Program Files\Java\jdk16.0.1\bin\server;C:\Program Files\JetBrains\IntelliJ IDEA Community Edition 2021.1.2\bin

VM Arguments:
jvm_args: -javaagent:C:\Program Files\JetBrains\IntelliJ IDEA Community Edition 2021.1.2\lib\idea_rt.jar=51670:C:\Program Files\JetBrains\IntelliJ IDEA Community Edition 2021.1.2\bin -Dfile.encoding=UTF-8 
java_command: eu.epptec.autostop.AutostopApplication
java_class_path (initial): C:\Projects\autostop_epptec\target\classes;C:\Users\VojtìchKulovaný\.m2\repository\org\springframework\boot\spring-boot-starter-data-jpa\2.5.1\spring-boot-starter-data-jpa-2.5.1.jar;C:\Users\VojtìchKulovaný\.m2\repository\org\springframework\boot\spring-boot-starter-aop\2.5.1\spring-boot-starter-aop-2.5.1.jar;C:\Users\VojtìchKulovaný\.m2\repository\org\springframework\spring-aop\5.3.8\spring-aop-5.3.8.jar;C:\Users\VojtìchKulovaný\.m2\repository\org\aspectj\aspectjweaver\1.9.6\aspectjweaver-1.9.6.jar;C:\Users\VojtìchKulovaný\.m2\repository\org\springframework\boot\spring-boot-starter-jdbc\2.5.1\spring-boot-starter-jdbc-2.5.1.jar;C:\Users\VojtìchKulovaný\.m2\repository\com\zaxxer\HikariCP\4.0.3\HikariCP-4.0.3.jar;C:\Users\VojtìchKulovaný\.m2\repository\org\springframework\spring-jdbc\5.3.8\spring-jdbc-5.3.8.jar;C:\Users\VojtìchKulovaný\.m2\repository\jakarta\transaction\jakarta.transaction-api\1.3.3\jakarta.transaction-api-1.3.3.jar;C:\Users\VojtìchKulovaný\.m2\repository\jakarta\persistence\jakarta.persistence-api\2.2.3\jakarta.persistence-api-2.2.3.jar;C:\Users\VojtìchKulovaný\.m2\repository\org\hibernate\hibernate-core\5.4.32.Final\hibernate-core-5.4.32.Final.jar;C:\Users\VojtìchKulovaný\.m2\repository\org\jboss\logging\jboss-logging\3.4.2.Final\jboss-logging-3.4.2.Final.jar;C:\Users\VojtìchKulovaný\.m2\repository\org\javassist\javassist\3.27.0-GA\javassist-3.27.0-GA.jar;C:\Users\VojtìchKulovaný\.m2\repository\antlr\antlr\2.7.7\antlr-2.7.7.jar;C:\Users\VojtìchKulovaný\.m2\repository\org\jboss\jandex\2.2.3.Final\jandex-2.2.3.Final.jar;C:\Users\VojtìchKulovaný\.m2\repository\com\fasterxml\classmate\1.5.1\classmate-1.5.1.jar;C:\Users\VojtìchKulovaný\.m2\repository\org\dom4j\dom4j\2.1.3\dom4j-2.1.3.jar;C:\Users\VojtìchKulovaný\.m2\repository\org\hibernate\common\hibernate-commons-annotations\5.1.2.Final\hibernate-commons-annotations-5.1.2.Final.jar;C:\Users\VojtìchKulovaný\.m2\repository\org\glassfish\jaxb\jaxb-runtime\2.3.4\jaxb-runtime-2.
Launcher Type: SUN_STANDARD

[Global flags]
     intx CICompilerCount                          = 3                                         {product} {ergonomic}
     uint ConcGCThreads                            = 1                                         {product} {ergonomic}
     uint G1ConcRefinementThreads                  = 4                                         {product} {ergonomic}
   size_t G1HeapRegionSize                         = 1048576                                   {product} {ergonomic}
    uintx GCDrainStackTargetSize                   = 64                                        {product} {ergonomic}
   size_t InitialHeapSize                          = 132120576                                 {product} {ergonomic}
   size_t MarkStackSize                            = 4194304                                   {product} {ergonomic}
   size_t MaxHeapSize                              = 2113929216                                {product} {ergonomic}
   size_t MaxNewSize                               = 1267728384                                {product} {ergonomic}
   size_t MinHeapDeltaBytes                        = 1048576                                   {product} {ergonomic}
   size_t MinHeapSize                              = 8388608                                   {product} {ergonomic}
    uintx NonNMethodCodeHeapSize                   = 5832780                                {pd product} {ergonomic}
    uintx NonProfiledCodeHeapSize                  = 122912730                              {pd product} {ergonomic}
    uintx ProfiledCodeHeapSize                     = 122912730                              {pd product} {ergonomic}
    uintx ReservedCodeCacheSize                    = 251658240                              {pd product} {ergonomic}
     bool SegmentedCodeCache                       = true                                      {product} {ergonomic}
   size_t SoftMaxHeapSize                          = 2113929216                             {manageable} {ergonomic}
     bool UseCompressedClassPointers               = true                           {product lp64_product} {ergonomic}
     bool UseCompressedOops                        = true                           {product lp64_product} {ergonomic}
     bool UseG1GC                                  = true                                      {product} {ergonomic}
     bool UseLargePagesIndividualAllocation        = false                                  {pd product} {ergonomic}

Logging:
Log output configuration:
 #0: stdout all=warning uptime,level,tags
 #1: stderr all=off uptime,level,tags

Environment Variables:
JAVA_HOME=c:\Program Files\Java\jdk1.8.0_291
PATH=C:\Python39\Scripts\;C:\Python39\;C:\Program Files (x86)\Common Files\Oracle\Java\javapath;C:\WINDOWS\system32;C:\WINDOWS;C:\WINDOWS\System32\Wbem;C:\WINDOWS\System32\WindowsPowerShell\v1.0\;C:\WINDOWS\System32\OpenSSH\;C:\Program Files\Git\cmd;C:\Program Files\nodejs\;C:\ProgramData\chocolatey\bin;C:\Program Files\MySQL\MySQL Shell 8.0\bin\;c:\Program Files\Java\jdk1.8.0_291;C:\Program Files\JetBrains\IntelliJ IDEA 2021.1.2\bin;C:\Maven\apache-maven-3.8.1\bin;C:\Users\VojtìchKulovaný\AppData\Roaming\npm;C:\Users\VojtìchKulovaný\AppData\Local\Programs\Microsoft VS Code\bin
USERNAME=VojtìchKulovaný
OS=Windows_NT
PROCESSOR_IDENTIFIER=Intel64 Family 6 Model 78 Stepping 3, GenuineIntel



---------------  S Y S T E M  ---------------

OS:
 Windows 10 , 64 bit Build 19041 (10.0.19041.1023)
OS uptime: 6 days 20:32 hours

CPU: total 4 (initial active 4) (2 cores per cpu, 2 threads per core) family 6 model 78 stepping 3 microcode 0xd6, cx8, cmov, fxsr, ht, mmx, 3dnowpref, sse, sse2, sse3, ssse3, sse4.1, sse4.2, popcnt, lzcnt, tsc, tscinvbit, avx, avx2, aes, erms, clmul, bmi1, bmi2, adx, fma, vzeroupper, clflush, clflushopt

Memory: 4k page, system-wide physical 8063M (322M free)
TotalPageFile size 23096M (AvailPageFile size 41M)
current process WorkingSet (physical memory assigned to process): 105M, peak: 105M
current process commit charge ("private bytes"): 231M, peak: 232M

vm_info: OpenJDK 64-Bit Server VM (16.0.1+9-24) for windows-amd64 JRE (16.0.1+9-24), built on Mar 26 2021 19:30:07 by "mach5one" with MS VC++ 16.7 (VS2019)

END.
